  Body.cpp
  SATCollision.cpp
  Source.cpp
C:\Users\lhawk\OneDrive\Projects\Engine\Engine\PolygonConvex.h(64,20): warning C4244: 'argument': conversion from 'const float' to 'const unsigned int', possible loss of data
C:\Users\lhawk\OneDrive\Projects\Engine\Engine\Scenes\MultipleRectangleFloorScene.h(39,21): warning C4018: '<': signed/unsigned mismatch
C:\Users\lhawk\OneDrive\Projects\Engine\Engine\Source.cpp(5,1): warning C4326: return type of 'main' should be 'int' instead of 'void'
C:\Program Files (x86)\Microsoft Visual Studio\2019\Community\VC\Tools\MSVC\14.26.28801\include\xmemory(671,103): warning C4244: 'argument': conversion from '_Ty' to 'float', possible loss of data
          with
          [
              _Ty=int
          ]
C:\Program Files (x86)\Microsoft Visual Studio\2019\Community\VC\Tools\MSVC\14.26.28801\include\vector(682): message : see reference to function template instantiation 'void std::_Default_allocator_traits<_Alloc>::construct<_Ty,glm::vec<2,float,glm::packed_highp>,int,int>(_Alloc &,_Objty *const ,glm::vec<2,float,glm::packed_highp> &&,int &&,int &&)' being compiled
          with
          [
              _Alloc=std::allocator<Body>,
              _Ty=Body,
              _Objty=Body
          ]
C:\Program Files (x86)\Microsoft Visual Studio\2019\Community\VC\Tools\MSVC\14.26.28801\include\vector(687): message : see reference to function template instantiation 'void std::_Default_allocator_traits<_Alloc>::construct<_Ty,glm::vec<2,float,glm::packed_highp>,int,int>(_Alloc &,_Objty *const ,glm::vec<2,float,glm::packed_highp> &&,int &&,int &&)' being compiled
          with
          [
              _Alloc=std::allocator<Body>,
              _Ty=Body,
              _Objty=Body
          ]
C:\Program Files (x86)\Microsoft Visual Studio\2019\Community\VC\Tools\MSVC\14.26.28801\include\vector(700): message : see reference to function template instantiation '_Ty &std::vector<_Ty,std::allocator<_Ty>>::_Emplace_back_with_unused_capacity<glm::vec<2,float,glm::packed_highp>,int,int>(glm::vec<2,float,glm::packed_highp> &&,int &&,int &&)' being compiled
          with
          [
              _Ty=Body
          ]
C:\Users\lhawk\OneDrive\Projects\Engine\Engine\Scenes\MultipleRectangleFloorScene.h(74): message : see reference to function template instantiation '_Ty &std::vector<_Ty,std::allocator<_Ty>>::emplace_back<glm::vec2,int,int>(glm::vec2 &&,int &&,int &&)' being compiled
          with
          [
              _Ty=Body
          ]
  Generating Code...
  Engine.vcxproj -> C:\Users\lhawk\OneDrive\Projects\Engine\Debug\Engine.exe
