c:\users\lhawk\onedrive\projects\engine\engine\x64\debug\vc142.pdb
c:\users\lhawk\onedrive\projects\engine\engine\x64\debug\vc142.idb
c:\users\lhawk\onedrive\projects\engine\engine\x64\debug\source.obj
c:\users\lhawk\onedrive\projects\engine\engine\x64\debug\vc141.idb
c:\users\lhawk\onedrive\projects\engine\engine\x64\debug\vc141.pdb
c:\users\lhawk\onedrive\projects\engine\x64\debug\engine.pdb
c:\users\lhawk\onedrive\projects\engine\engine\x64\debug\engine.tlog\cl.command.1.tlog
c:\users\lhawk\onedrive\projects\engine\engine\x64\debug\engine.tlog\cl.read.1.tlog
c:\users\lhawk\onedrive\projects\engine\engine\x64\debug\engine.tlog\cl.write.1.tlog
c:\users\lhawk\onedrive\projects\engine\engine\x64\debug\engine.tlog\link-cvtres.read.1.tlog
c:\users\lhawk\onedrive\projects\engine\engine\x64\debug\engine.tlog\link-cvtres.write.1.tlog
c:\users\lhawk\onedrive\projects\engine\engine\x64\debug\engine.tlog\link-rc.read.1.tlog
c:\users\lhawk\onedrive\projects\engine\engine\x64\debug\engine.tlog\link-rc.write.1.tlog
c:\users\lhawk\onedrive\projects\engine\engine\x64\debug\engine.tlog\link.15756-cvtres.read.1.tlog
c:\users\lhawk\onedrive\projects\engine\engine\x64\debug\engine.tlog\link.15756-cvtres.write.1.tlog
c:\users\lhawk\onedrive\projects\engine\engine\x64\debug\engine.tlog\link.15756-rc.read.1.tlog
c:\users\lhawk\onedrive\projects\engine\engine\x64\debug\engine.tlog\link.15756-rc.write.1.tlog
c:\users\lhawk\onedrive\projects\engine\engine\x64\debug\engine.tlog\link.15756.read.1.tlog
c:\users\lhawk\onedrive\projects\engine\engine\x64\debug\engine.tlog\link.15756.write.1.tlog
c:\users\lhawk\onedrive\projects\engine\engine\x64\debug\engine.tlog\link.command.1.tlog
c:\users\lhawk\onedrive\projects\engine\engine\x64\debug\engine.tlog\link.read.1.tlog
c:\users\lhawk\onedrive\projects\engine\engine\x64\debug\engine.tlog\link.write.1.tlog
